<?xml version="1.0" encoding="UTF-8"?>
<!-- Generated by org.testng.reporters.JUnitXMLReporter -->
<testsuite ignored="1" hostname="DESKTOP-FPHIKD9" failures="0" tests="5" name="Login Page Test" time="15.351" errors="0" timestamp="2025-09-08T09:16:37 IST">
  <testcase classname="com.qa.opencart.tests.LoginPageTest" name="forgotPwdLinkExistTest" time="0.233"/>
  <testcase classname="com.qa.opencart.tests.LoginPageTest" name="loginPageTitleTest" time="0.091"/>
  <testcase classname="com.qa.opencart.tests.LoginPageTest" name="loginPageURLTest" time="0.037"/>
  <testcase classname="com.qa.opencart.tests.LoginPageTest" name="loginTest" time="1.426"/>
  <testcase classname="com.qa.opencart.tests.LoginPageTest" name="logoExistTest" time="0.071"/>
  <testcase classname="com.qa.opencart.tests.LoginPageTest" name="naveentest" time="0.0">
    <ignored/>
  </testcase> <!-- naveentest -->
</testsuite> <!-- Login Page Test -->
