<?xml version="1.0" encoding="UTF-8"?>
<testng-results ignored="1" total="6" passed="5" failed="0" skipped="0">
  <reporter-output>
  </reporter-output>
  <suite started-at="2025-09-08T09:16:20 IST" name="Opencart App Test Regression Suite" finished-at="2025-09-08T09:16:35 IST" duration-ms="15351">
    <groups>
    </groups>
    <test started-at="2025-09-08T09:16:20 IST" name="Login Page Test" finished-at="2025-09-08T09:16:35 IST" duration-ms="15351">
      <class name="com.qa.opencart.tests.LoginPageTest">
        <test-method is-config="true" signature="setup(java.lang.String,java.lang.String,java.lang.String)[pri:0, instance:com.qa.opencart.tests.LoginPageTest@dc79225]" started-at="2025-09-08T09:16:20 IST" name="setup" finished-at="2025-09-08T09:16:32 IST" duration-ms="12106" status="PASS">
          <params>
            <param index="0">
              <value>
                <![CDATA[chrome]]>
              </value>
            </param>
            <param index="1">
              <value>
                <![CDATA[124.0]]>
              </value>
            </param>
            <param index="2">
              <value>
                <![CDATA[Login Page Test]]>
              </value>
            </param>
          </params>
          <reporter-output>
          </reporter-output>
        </test-method> <!-- setup -->
        <test-method signature="forgotPwdLinkExistTest()[pri:0, instance:com.qa.opencart.tests.LoginPageTest@dc79225]" started-at="2025-09-08T09:16:32 IST" name="forgotPwdLinkExistTest" finished-at="2025-09-08T09:16:33 IST" duration-ms="233" status="PASS">
          <reporter-output>
          </reporter-output>
        </test-method> <!-- forgotPwdLinkExistTest -->
        <test-method signature="loginPageTitleTest()[pri:0, instance:com.qa.opencart.tests.LoginPageTest@dc79225]" started-at="2025-09-08T09:16:33 IST" name="loginPageTitleTest" finished-at="2025-09-08T09:16:33 IST" duration-ms="91" status="PASS">
          <reporter-output>
          </reporter-output>
        </test-method> <!-- loginPageTitleTest -->
        <test-method signature="loginPageURLTest()[pri:0, instance:com.qa.opencart.tests.LoginPageTest@dc79225]" started-at="2025-09-08T09:16:33 IST" name="loginPageURLTest" finished-at="2025-09-08T09:16:33 IST" duration-ms="37" status="PASS">
          <reporter-output>
          </reporter-output>
        </test-method> <!-- loginPageURLTest -->
        <test-method signature="loginTest()[pri:0, instance:com.qa.opencart.tests.LoginPageTest@dc79225]" started-at="2025-09-08T09:16:33 IST" name="loginTest" finished-at="2025-09-08T09:16:34 IST" duration-ms="1426" status="PASS">
          <reporter-output>
          </reporter-output>
        </test-method> <!-- loginTest -->
        <test-method signature="logoExistTest()[pri:0, instance:com.qa.opencart.tests.LoginPageTest@dc79225]" started-at="2025-09-08T09:16:34 IST" name="logoExistTest" finished-at="2025-09-08T09:16:34 IST" duration-ms="71" status="PASS">
          <reporter-output>
          </reporter-output>
        </test-method> <!-- logoExistTest -->
        <test-method is-config="true" signature="tearDown()[pri:0, instance:com.qa.opencart.tests.LoginPageTest@dc79225]" started-at="2025-09-08T09:16:34 IST" name="tearDown" finished-at="2025-09-08T09:16:35 IST" duration-ms="717" status="PASS">
          <reporter-output>
          </reporter-output>
        </test-method> <!-- tearDown -->
      </class> <!-- com.qa.opencart.tests.LoginPageTest -->
    </test> <!-- Login Page Test -->
  </suite> <!-- Opencart App Test Regression Suite -->
</testng-results>
