<?xml version="1.0" encoding="UTF-8"?>
<testng-results ignored="1" total="6" passed="5" failed="0" skipped="0">
  <reporter-output>
  </reporter-output>
  <suite started-at="2025-09-08T09:27:58 IST" name="Opencart App Test Regression Suite" finished-at="2025-09-08T09:28:14 IST" duration-ms="15747">
    <groups>
    </groups>
    <test started-at="2025-09-08T09:27:58 IST" name="Login Page Test" finished-at="2025-09-08T09:28:14 IST" duration-ms="15747">
      <class name="com.qa.opencart.tests.LoginPageTest">
        <test-method is-config="true" signature="setup(java.lang.String,java.lang.String,java.lang.String)[pri:0, instance:com.qa.opencart.tests.LoginPageTest@6c008c24]" started-at="2025-09-08T09:27:59 IST" name="setup" finished-at="2025-09-08T09:28:10 IST" duration-ms="11241" status="PASS">
          <params>
            <param index="0">
              <value>
                <![CDATA[chrome]]>
              </value>
            </param>
            <param index="1">
              <value>
                <![CDATA[124.0]]>
              </value>
            </param>
            <param index="2">
              <value>
                <![CDATA[Login Page Test]]>
              </value>
            </param>
          </params>
          <reporter-output>
          </reporter-output>
        </test-method> <!-- setup -->
        <test-method signature="forgotPwdLinkExistTest()[pri:0, instance:com.qa.opencart.tests.LoginPageTest@6c008c24]" started-at="2025-09-08T09:28:10 IST" name="forgotPwdLinkExistTest" finished-at="2025-09-08T09:28:11 IST" duration-ms="298" status="PASS">
          <reporter-output>
          </reporter-output>
        </test-method> <!-- forgotPwdLinkExistTest -->
        <test-method signature="loginPageTitleTest()[pri:0, instance:com.qa.opencart.tests.LoginPageTest@6c008c24]" started-at="2025-09-08T09:28:11 IST" name="loginPageTitleTest" finished-at="2025-09-08T09:28:11 IST" duration-ms="106" status="PASS">
          <reporter-output>
          </reporter-output>
        </test-method> <!-- loginPageTitleTest -->
        <test-method signature="loginPageURLTest()[pri:0, instance:com.qa.opencart.tests.LoginPageTest@6c008c24]" started-at="2025-09-08T09:28:11 IST" name="loginPageURLTest" finished-at="2025-09-08T09:28:11 IST" duration-ms="58" status="PASS">
          <reporter-output>
          </reporter-output>
        </test-method> <!-- loginPageURLTest -->
        <test-method signature="loginTest()[pri:0, instance:com.qa.opencart.tests.LoginPageTest@6c008c24]" started-at="2025-09-08T09:28:11 IST" name="loginTest" finished-at="2025-09-08T09:28:14 IST" duration-ms="2361" status="PASS">
          <reporter-output>
          </reporter-output>
        </test-method> <!-- loginTest -->
        <test-method signature="logoExistTest()[pri:0, instance:com.qa.opencart.tests.LoginPageTest@6c008c24]" started-at="2025-09-08T09:28:14 IST" name="logoExistTest" finished-at="2025-09-08T09:28:14 IST" duration-ms="109" status="PASS">
          <reporter-output>
          </reporter-output>
        </test-method> <!-- logoExistTest -->
        <test-method is-config="true" signature="tearDown()[pri:0, instance:com.qa.opencart.tests.LoginPageTest@6c008c24]" started-at="2025-09-08T09:28:14 IST" name="tearDown" finished-at="2025-09-08T09:28:14 IST" duration-ms="389" status="PASS">
          <reporter-output>
          </reporter-output>
        </test-method> <!-- tearDown -->
      </class> <!-- com.qa.opencart.tests.LoginPageTest -->
    </test> <!-- Login Page Test -->
  </suite> <!-- Opencart App Test Regression Suite -->
</testng-results>
