<?xml version="1.0" encoding="UTF-8"?>
<!-- Generated by org.testng.reporters.JUnitReportReporter -->
<testsuite hostname="DESKTOP-FPHIKD9" failures="0" tests="6" name="com.qa.opencart.tests.LoginPageTest" time="2.867" errors="0" timestamp="2025-09-04T14:17:42 IST" skipped="1">
  <testcase classname="com.qa.opencart.tests.LoginPageTest" name="loginPageTitleTest" time="0.073"/>
  <system-out/>
  <testcase classname="com.qa.opencart.tests.LoginPageTest" name="loginTest" time="2.489"/>
  <system-out/>
  <testcase classname="com.qa.opencart.tests.LoginPageTest" name="forgotPwdLinkExistTest" time="0.167"/>
  <system-out/>
  <testcase classname="com.qa.opencart.tests.LoginPageTest" name="loginPageURLTest" time="0.046"/>
  <system-out/>
  <testcase classname="com.qa.opencart.tests.LoginPageTest" name="logoExistTest" time="0.092"/>
  <system-out/>
  <testcase classname="com.qa.opencart.tests.LoginPageTest" name="naveentest">
    <skipped/>
  </testcase> <!-- naveentest -->
  <system-out/>
</testsuite> <!-- com.qa.opencart.tests.LoginPageTest -->
