<?xml version="1.0" encoding="UTF-8"?>
<!-- Generated by org.testng.reporters.JUnitReportReporter -->
<testsuite hostname="DESKTOP-FPHIKD9" failures="0" tests="6" name="com.qa.opencart.tests.LoginPageTest" time="1.858" errors="0" timestamp="2025-09-08T09:16:38 IST" skipped="1">
  <testcase classname="com.qa.opencart.tests.LoginPageTest" name="loginPageTitleTest" time="0.091"/>
  <system-out/>
  <testcase classname="com.qa.opencart.tests.LoginPageTest" name="loginTest" time="1.426"/>
  <system-out/>
  <testcase classname="com.qa.opencart.tests.LoginPageTest" name="loginPageURLTest" time="0.037"/>
  <system-out/>
  <testcase classname="com.qa.opencart.tests.LoginPageTest" name="logoExistTest" time="0.071"/>
  <system-out/>
  <testcase classname="com.qa.opencart.tests.LoginPageTest" name="forgotPwdLinkExistTest" time="0.233"/>
  <system-out/>
  <testcase classname="com.qa.opencart.tests.LoginPageTest" name="naveentest">
    <skipped/>
  </testcase> <!-- naveentest -->
  <system-out/>
</testsuite> <!-- com.qa.opencart.tests.LoginPageTest -->
